Build started 4/14/2016 5:05:15 PM.
     1>Project "C:\Users\Hegman\Desktop\CompArchRepo\CompArchProject\CompArchProject\CompArchProject\CompArchProject.vcxproj" on node 2 (Build target(s)).
     1>InitializeBuildStatus:
         Creating "Debug\CompArchProject.unsuccessfulbuild" because "AlwaysCreate" was specified.
       ClCompile:
         C:\Program Files (x86)\Microsoft Visual Studio 11.0\VC\bin\CL.exe /c /ZI /nologo /W3 /WX- /Od /Oy- /D _MBCS /Gm /EHsc /RTC1 /MDd /GS /fp:precise /Zc:wchar_t /Zc:forScope /Fo"Debug\\" /Fd"Debug\vc110.pdb" /Gd /TP /analyze- /errorReport:prompt ForwardingUnit.cpp Source.cpp
         Source.cpp
     1>c:\users\hegman\desktop\comparchrepo\comparchproject\comparchproject\comparchproject\source.cpp(162): warning C4101: 'TEMP_FETCH_DECODE' : unreferenced local variable
     1>c:\users\hegman\desktop\comparchrepo\comparchproject\comparchproject\comparchproject\source.cpp(165): warning C4101: 'TEMP_MEMORY_WRITEBACK' : unreferenced local variable
     1>c:\users\hegman\desktop\comparchrepo\comparchproject\comparchproject\comparchproject\source.cpp(164): warning C4101: 'TEMP_EXECUTE_MEMORY' : unreferenced local variable
     1>c:\users\hegman\desktop\comparchrepo\comparchproject\comparchproject\comparchproject\source.cpp(163): warning C4101: 'TEMP_DECODE_EXECUTE' : unreferenced local variable
     1>c:\users\hegman\desktop\comparchrepo\comparchproject\comparchproject\comparchproject\source.cpp(271): warning C4554: '|' : check operator precedence for possible error; use parentheses to clarify precedence
     1>c:\users\hegman\desktop\comparchrepo\comparchproject\comparchproject\comparchproject\source.cpp(323): warning C4101: 'returnVal' : unreferenced local variable
         ForwardingUnit.cpp
         Generating Code...
     1>c:\users\hegman\desktop\comparchrepo\comparchproject\comparchproject\comparchproject\source.cpp(451): warning C4715: 'InstructionExecute_I' : not all control paths return a value
     1>c:\users\hegman\desktop\comparchrepo\comparchproject\comparchproject\comparchproject\source.cpp(524): warning C4715: 'CheckForDataHazard' : not all control paths return a value
       Link:
         C:\Program Files (x86)\Microsoft Visual Studio 11.0\VC\bin\link.exe /ERRORREPORT:PROMPT /OUT:"C:\Users\Hegman\Desktop\CompArchRepo\CompArchProject\CompArchProject\Debug\CompArchProject.exe" /INCREMENTAL /NOLOGO kernel32.lib user32.lib gdi32.lib winspool.lib comdlg32.lib advapi32.lib shell32.lib ole32.lib oleaut32.lib uuid.lib odbc32.lib odbccp32.lib /MANIFEST /MANIFESTUAC:"level='asInvoker' uiAccess='false'" /manifest:embed /DEBUG /PDB:"C:\Users\Hegman\Desktop\CompArchRepo\CompArchProject\CompArchProject\Debug\CompArchProject.pdb" /TLBID:1 /DYNAMICBASE /NXCOMPAT /IMPLIB:"C:\Users\Hegman\Desktop\CompArchRepo\CompArchProject\CompArchProject\Debug\CompArchProject.lib" /MACHINE:X86 Debug\ForwardingUnit.obj
         Debug\Source.obj
         CompArchProject.vcxproj -> C:\Users\Hegman\Desktop\CompArchRepo\CompArchProject\CompArchProject\Debug\CompArchProject.exe
       FinalizeBuildStatus:
         Deleting file "Debug\CompArchProject.unsuccessfulbuild".
         Touching "Debug\CompArchProject.lastbuildstate".
     1>Done Building Project "C:\Users\Hegman\Desktop\CompArchRepo\CompArchProject\CompArchProject\CompArchProject\CompArchProject.vcxproj" (Build target(s)).

Build succeeded.

Time Elapsed 00:00:06.53
